2024-10-10 17:46:33,439 - INFO - Starting audio classification...
2024-10-10 17:46:33,828 - INFO - train_sm2/Oneshots/Drums/Kick/- 58 Kick Train.wav | Classification: One-Shot | Transients: 1 | Duration: 0.81s | ZCR: 0.0031 | Spectral Flatness: 0.0003 | RMS: 0.2207
2024-10-10 17:46:34,150 - INFO - train_sm2/Oneshots/Drums/Kick/+ Kick 5.wav | Classification: One-Shot | Transients: 1 | Duration: 1.18s | ZCR: 0.5158 | Spectral Flatness: 0.0706 | RMS: 0.0273
2024-10-10 17:46:34,357 - INFO - train_sm2/Oneshots/Drums/Kick/+ Kick 4.wav | Classification: One-Shot | Transients: 3 | Duration: 1.13s | ZCR: 0.4875 | Spectral Flatness: 0.0615 | RMS: 0.0160
2024-10-10 17:46:34,562 - INFO - train_sm2/Oneshots/Drums/Kick/+ Kick 10.wav | Classification: One-Shot | Transients: 2 | Duration: 1.20s | ZCR: 0.4045 | Spectral Flatness: 0.0536 | RMS: 0.0257
2024-10-10 17:46:34,771 - INFO - train_sm2/Oneshots/Drums/Kick/+ Kick Electronic.wav | Classification: One-Shot | Transients: 1 | Duration: 1.18s | ZCR: 0.4905 | Spectral Flatness: 0.0586 | RMS: 0.0292
2024-10-10 17:46:34,981 - INFO - train_sm2/Oneshots/Drums/Kick/- 60 Kick Block.wav | Classification: One-Shot | Transients: 1 | Duration: 0.34s | ZCR: 0.0033 | Spectral Flatness: 0.0000 | RMS: 0.3122
2024-10-10 17:46:35,179 - INFO - train_sm2/Oneshots/Drums/Kick/+ Kick 1.wav | Classification: One-Shot | Transients: 2 | Duration: 1.21s | ZCR: 0.4847 | Spectral Flatness: 0.0608 | RMS: 0.0351
2024-10-10 17:46:35,429 - INFO - train_sm2/Oneshots/Drums/Kick/+ Kick Linn.wav | Classification: One-Shot | Transients: 1 | Duration: 1.07s | ZCR: 0.3606 | Spectral Flatness: 0.0702 | RMS: 0.0271
2024-10-10 17:46:35,637 - INFO - train_sm2/Oneshots/Drums/Kick/+ Kick 909.wav | Classification: One-Shot | Transients: 1 | Duration: 1.30s | ZCR: 0.4855 | Spectral Flatness: 0.0539 | RMS: 0.0588
2024-10-10 17:46:35,846 - INFO - train_sm2/Oneshots/Drums/Kick/- 59 Kick Ancient.wav | Classification: One-Shot | Transients: 1 | Duration: 0.47s | ZCR: 0.0027 | Spectral Flatness: 0.0000 | RMS: 0.3072
2024-10-10 17:46:36,046 - INFO - train_sm2/Oneshots/Drums/Hand Percussion/038 TR626 Shaker.wav | Classification: One-Shot | Transients: 1 | Duration: 0.70s | ZCR: 0.4877 | Spectral Flatness: 0.1456 | RMS: 0.0173
2024-10-10 17:46:36,277 - INFO - train_sm2/Oneshots/Drums/Hand Percussion/029Guirolng.wav | Classification: Loop | Transients: 1 | Duration: 4.53s | ZCR: 0.1081 | Spectral Flatness: 0.0760 | RMS: 0.0060
2024-10-10 17:46:36,641 - INFO - train_sm2/Oneshots/Drums/Hand Percussion/023Cabasa.wav | Classification: Loop | Transients: 1 | Duration: 5.32s | ZCR: 0.1125 | Spectral Flatness: 0.0805 | RMS: 0.0067
2024-10-10 17:46:36,995 - INFO - train_sm2/Oneshots/Drums/Hand Percussion/04 Side Stick.wav | Classification: One-Shot | Transients: 1 | Duration: 0.07s | ZCR: 0.1468 | Spectral Flatness: 0.0060 | RMS: 0.0717
2024-10-10 17:46:37,226 - INFO - train_sm2/Oneshots/Drums/Hand Percussion/037 LoBongo LoFi.wav | Classification: One-Shot | Transients: 3 | Duration: 0.70s | ZCR: 0.2537 | Spectral Flatness: 0.0622 | RMS: 0.0778
2024-10-10 17:46:37,463 - INFO - train_sm2/Oneshots/Drums/Hand Percussion/017Congahi.wav | Classification: Loop | Transients: 12 | Duration: 5.51s | ZCR: 0.0949 | Spectral Flatness: 0.0688 | RMS: 0.0031
2024-10-10 17:46:37,818 - INFO - train_sm2/Oneshots/Drums/Hand Percussion/035 HiBongo LoFi.wav | Classification: One-Shot | Transients: 1 | Duration: 0.70s | ZCR: 0.4122 | Spectral Flatness: 0.1270 | RMS: 0.0363
2024-10-10 17:46:38,021 - INFO - train_sm2/Oneshots/Drums/Hand Percussion/036 TR808Cowbell.wav | Classification: One-Shot | Transients: 1 | Duration: 0.70s | ZCR: 0.3100 | Spectral Flatness: 0.0802 | RMS: 0.1173
2024-10-10 17:46:38,255 - INFO - train_sm2/Oneshots/Drums/Hand Percussion/024Tambourine.wav | Classification: Loop | Transients: 1 | Duration: 4.65s | ZCR: 0.1131 | Spectral Flatness: 0.0680 | RMS: 0.0069
2024-10-10 17:46:38,592 - INFO - train_sm2/Oneshots/Drums/Hand Percussion/018Congalo.wav | Classification: Loop | Transients: 1 | Duration: 4.47s | ZCR: 0.0946 | Spectral Flatness: 0.0681 | RMS: 0.0065
2024-10-10 17:46:38,899 - INFO - train_sm2/Oneshots/Drums/Tom/+ Tight Tom Lo.wav | Classification: One-Shot | Transients: 1 | Duration: 1.55s | ZCR: 0.0481 | Spectral Flatness: 0.0082 | RMS: 0.0530
2024-10-10 17:46:39,179 - INFO - train_sm2/Oneshots/Drums/Tom/+ Tight Tom Mid.wav | Classification: One-Shot | Transients: 1 | Duration: 1.41s | ZCR: 0.2500 | Spectral Flatness: 0.0543 | RMS: 0.0415
2024-10-10 17:46:39,406 - INFO - train_sm2/Oneshots/Drums/Tom/+ Electro Tom 1 Lo.wav | Classification: One-Shot | Transients: 1 | Duration: 1.47s | ZCR: 0.2636 | Spectral Flatness: 0.0513 | RMS: 0.0998
2024-10-10 17:46:39,642 - INFO - train_sm2/Oneshots/Drums/Tom/+ Tom 808 Lo.wav | Classification: One-Shot | Transients: 1 | Duration: 1.19s | ZCR: 0.4948 | Spectral Flatness: 0.0624 | RMS: 0.0373
2024-10-10 17:46:39,858 - INFO - train_sm2/Oneshots/Drums/Tom/+ Tom Lo.wav | Classification: One-Shot | Transients: 1 | Duration: 1.48s | ZCR: 0.0771 | Spectral Flatness: 0.0116 | RMS: 0.0481
2024-10-10 17:46:40,090 - INFO - train_sm2/Oneshots/Drums/Tom/+ Rock Tom Mid.wav | Classification: One-Shot | Transients: 1 | Duration: 1.54s | ZCR: 0.4082 | Spectral Flatness: 0.0772 | RMS: 0.0400
2024-10-10 17:46:40,320 - INFO - train_sm2/Oneshots/Drums/Tom/+ Rock Tom Lo.wav | Classification: One-Shot | Transients: 1 | Duration: 1.37s | ZCR: 0.3300 | Spectral Flatness: 0.0600 | RMS: 0.0441
2024-10-10 17:46:40,563 - INFO - train_sm2/Oneshots/Drums/Tom/+ Tight Tom Hi.wav | Classification: One-Shot | Transients: 1 | Duration: 1.19s | ZCR: 0.2273 | Spectral Flatness: 0.0523 | RMS: 0.0306
2024-10-10 17:46:40,816 - INFO - train_sm2/Oneshots/Drums/Tom/+ Tom Hi.wav | Classification: One-Shot | Transients: 1 | Duration: 1.18s | ZCR: 0.2680 | Spectral Flatness: 0.0382 | RMS: 0.0176
2024-10-10 17:46:41,034 - INFO - train_sm2/Oneshots/Drums/Tom/+ Electro Tom 1 Hi.wav | Classification: One-Shot | Transients: 1 | Duration: 1.48s | ZCR: 0.3069 | Spectral Flatness: 0.0619 | RMS: 0.0707
2024-10-10 17:46:41,279 - INFO - train_sm2/Oneshots/Drums/Hihat/03oh_808HiHat.wav | Classification: One-Shot | Transients: 1 | Duration: 0.47s | ZCR: 0.3979 | Spectral Flatness: 0.0688 | RMS: 0.1502
2024-10-10 17:46:41,566 - INFO - train_sm2/Oneshots/Drums/Hihat/05oh_606HiHat.wav | Classification: One-Shot | Transients: 1 | Duration: 0.56s | ZCR: 0.3327 | Spectral Flatness: 0.0526 | RMS: 0.1368
2024-10-10 17:46:41,837 - INFO - train_sm2/Oneshots/Drums/Hihat/04ch_909HiHat.wav | Classification: One-Shot | Transients: 1 | Duration: 0.05s | ZCR: 0.2003 | Spectral Flatness: 0.0395 | RMS: 0.0885
2024-10-10 17:46:42,016 - INFO - train_sm2/Oneshots/Drums/Hihat/02oh_NatHiHat.wav | Classification: One-Shot | Transients: 1 | Duration: 0.45s | ZCR: 0.4703 | Spectral Flatness: 0.1300 | RMS: 0.0685
2024-10-10 17:46:42,250 - INFO - train_sm2/Oneshots/Drums/Hihat/01ch_MS_HiHat.wav | Classification: One-Shot | Transients: 0 | Duration: 0.04s | ZCR: 0.1979 | Spectral Flatness: 0.0444 | RMS: 0.1990
2024-10-10 17:46:42,479 - INFO - train_sm2/Oneshots/Drums/Hihat/03ch_808HiHat.wav | Classification: One-Shot | Transients: 1 | Duration: 0.05s | ZCR: 0.3271 | Spectral Flatness: 0.0328 | RMS: 0.1707
2024-10-10 17:46:42,669 - INFO - train_sm2/Oneshots/Drums/Hihat/04oh_909HiHat.wav | Classification: One-Shot | Transients: 1 | Duration: 0.26s | ZCR: 0.3578 | Spectral Flatness: 0.0790 | RMS: 0.0993
2024-10-10 17:46:42,878 - INFO - train_sm2/Oneshots/Drums/Hihat/05ch_606HiHat.wav | Classification: One-Shot | Transients: 1 | Duration: 0.10s | ZCR: 0.2947 | Spectral Flatness: 0.0574 | RMS: 0.0934
2024-10-10 17:46:43,080 - INFO - train_sm2/Oneshots/Drums/Hihat/01oh_MS_HiHat.wav | Classification: One-Shot | Transients: 6 | Duration: 1.23s | ZCR: 0.3009 | Spectral Flatness: 0.0544 | RMS: 0.0300
2024-10-10 17:46:43,344 - INFO - train_sm2/Oneshots/Drums/Hihat/02ch_NatHiHat.wav | Classification: One-Shot | Transients: 1 | Duration: 0.11s | ZCR: 0.5225 | Spectral Flatness: 0.1562 | RMS: 0.0564
2024-10-10 17:46:43,543 - INFO - train_sm2/Oneshots/Drums/Snare/+ Snare 2.wav | Classification: One-Shot | Transients: 1 | Duration: 1.12s | ZCR: 0.3639 | Spectral Flatness: 0.0718 | RMS: 0.0169
2024-10-10 17:46:43,778 - INFO - train_sm2/Oneshots/Drums/Snare/+ Snare 3.wav | Classification: One-Shot | Transients: 1 | Duration: 1.17s | ZCR: 0.4203 | Spectral Flatness: 0.0781 | RMS: 0.0179
2024-10-10 17:46:44,004 - INFO - train_sm2/Oneshots/Drums/Snare/+ Snare 1.wav | Classification: One-Shot | Transients: 1 | Duration: 1.13s | ZCR: 0.4588 | Spectral Flatness: 0.0920 | RMS: 0.0160
2024-10-10 17:46:44,259 - INFO - train_sm2/Oneshots/Drums/Snare/+ Snare 4.wav | Classification: One-Shot | Transients: 1 | Duration: 1.24s | ZCR: 0.4691 | Spectral Flatness: 0.0668 | RMS: 0.0231
2024-10-10 17:46:44,483 - INFO - train_sm2/Oneshots/Drums/Snare/+ Snare 5.wav | Classification: One-Shot | Transients: 1 | Duration: 1.31s | ZCR: 0.4628 | Spectral Flatness: 0.0607 | RMS: 0.0196
2024-10-10 17:46:44,716 - INFO - train_sm2/Oneshots/Drums/Snare/+ Snare 6.wav | Classification: One-Shot | Transients: 1 | Duration: 1.22s | ZCR: 0.3686 | Spectral Flatness: 0.0854 | RMS: 0.0150
2024-10-10 17:46:44,945 - INFO - train_sm2/Oneshots/Drums/Snare/+ Snare 12.wav | Classification: One-Shot | Transients: 1 | Duration: 1.23s | ZCR: 0.4757 | Spectral Flatness: 0.0708 | RMS: 0.0161
2024-10-10 17:46:45,169 - INFO - train_sm2/Oneshots/Drums/Snare/+ Snare 13.wav | Classification: One-Shot | Transients: 1 | Duration: 1.16s | ZCR: 0.4163 | Spectral Flatness: 0.0677 | RMS: 0.0148
2024-10-10 17:46:45,393 - INFO - train_sm2/Oneshots/Drums/Snare/+ Snare 10.wav | Classification: One-Shot | Transients: 1 | Duration: 1.19s | ZCR: 0.5056 | Spectral Flatness: 0.0824 | RMS: 0.0163
2024-10-10 17:46:45,618 - INFO - train_sm2/Oneshots/Drums/Snare/ Snare2.wav | Classification: One-Shot | Transients: 1 | Duration: 0.52s | ZCR: 0.0481 | Spectral Flatness: 0.0323 | RMS: 0.0573
2024-10-10 17:46:45,869 - INFO - train_sm2/Oneshots/Drums/Percussion/004_606_opHH.wav | Classification: One-Shot | Transients: 1 | Duration: 0.54s | ZCR: 0.3489 | Spectral Flatness: 0.0594 | RMS: 0.1188
2024-10-10 17:46:46,146 - INFO - train_sm2/Oneshots/Drums/Percussion/005_606SnarF.wav | Classification: One-Shot | Transients: 1 | Duration: 0.19s | ZCR: 0.1908 | Spectral Flatness: 0.0608 | RMS: 0.0807
2024-10-10 17:46:46,348 - INFO - train_sm2/Oneshots/Drums/Percussion/008_808Clave.wav | Classification: One-Shot | Transients: 0 | Duration: 0.04s | ZCR: 0.0674 | Spectral Flatness: 0.0005 | RMS: 0.1852
2024-10-10 17:46:46,536 - INFO - train_sm2/Oneshots/Drums/Percussion/006_808_clHH.wav | Classification: One-Shot | Transients: 1 | Duration: 0.07s | ZCR: 0.2675 | Spectral Flatness: 0.0194 | RMS: 0.1472
2024-10-10 17:46:46,735 - INFO - train_sm2/Oneshots/Drums/Percussion/009_808_Cow.wav | Classification: One-Shot | Transients: 2 | Duration: 0.42s | ZCR: 0.0327 | Spectral Flatness: 0.0001 | RMS: 0.0685
2024-10-10 17:46:46,933 - INFO - train_sm2/Oneshots/Drums/Percussion/002_606_hTom.wav | Classification: One-Shot | Transients: 1 | Duration: 0.22s | ZCR: 0.0093 | Spectral Flatness: 0.0003 | RMS: 0.1225
2024-10-10 17:46:47,120 - INFO - train_sm2/Oneshots/Drums/Percussion/001_606Cymb.wav | Classification: One-Shot | Transients: 1 | Duration: 0.51s | ZCR: 0.3571 | Spectral Flatness: 0.0788 | RMS: 0.0476
2024-10-10 17:46:47,400 - INFO - train_sm2/Oneshots/Drums/Percussion/000_606ClHH.wav | Classification: One-Shot | Transients: 1 | Duration: 0.10s | ZCR: 0.3020 | Spectral Flatness: 0.0612 | RMS: 0.0770
2024-10-10 17:46:47,602 - INFO - train_sm2/Oneshots/Drums/Percussion/003_606_lTom.wav | Classification: One-Shot | Transients: 4 | Duration: 0.32s | ZCR: 0.0066 | Spectral Flatness: 0.0002 | RMS: 0.1238
2024-10-10 17:46:47,794 - INFO - train_sm2/Oneshots/Drums/Clap/- 93 Clap C.wav | Classification: One-Shot | Transients: 1 | Duration: 0.36s | ZCR: 0.1065 | Spectral Flatness: 0.0666 | RMS: 0.0833
2024-10-10 17:46:48,015 - INFO - train_sm2/Oneshots/Drums/Clap/- 78 Clap Trust.wav | Classification: One-Shot | Transients: 1 | Duration: 0.16s | ZCR: 0.0948 | Spectral Flatness: 0.0023 | RMS: 0.0848
2024-10-10 17:46:48,223 - INFO - train_sm2/Oneshots/Drums/Clap/+ Clap 909.wav | Classification: One-Shot | Transients: 1 | Duration: 1.15s | ZCR: 0.3181 | Spectral Flatness: 0.0723 | RMS: 0.0138
2024-10-10 17:46:48,454 - INFO - train_sm2/Oneshots/Drums/Clap/+ Clap.wav | Classification: One-Shot | Transients: 1 | Duration: 1.19s | ZCR: 0.4533 | Spectral Flatness: 0.0951 | RMS: 0.0205
2024-10-10 17:46:48,680 - INFO - train_sm2/Oneshots/Drums/Clap/- 91 Clap A.wav | Classification: One-Shot | Transients: 1 | Duration: 0.45s | ZCR: 0.0662 | Spectral Flatness: 0.0134 | RMS: 0.0812
2024-10-10 17:46:48,935 - INFO - train_sm2/Oneshots/Drums/Clap/- 77 Clap Night.wav | Classification: One-Shot | Transients: 1 | Duration: 0.15s | ZCR: 0.1384 | Spectral Flatness: 0.0181 | RMS: 0.1414
2024-10-10 17:46:49,149 - INFO - train_sm2/Oneshots/Drums/Clap/- 76 Clap Waiting.wav | Classification: One-Shot | Transients: 1 | Duration: 0.21s | ZCR: 0.1155 | Spectral Flatness: 0.0083 | RMS: 0.0876
2024-10-10 17:46:49,338 - INFO - train_sm2/Oneshots/Drums/Clap/- 79 Clap Change.wav | Classification: One-Shot | Transients: 2 | Duration: 0.34s | ZCR: 0.0730 | Spectral Flatness: 0.0037 | RMS: 0.0318
2024-10-10 17:46:49,537 - INFO - train_sm2/Oneshots/Drums/Clap/- 92 Clap B.wav | Classification: One-Shot | Transients: 1 | Duration: 0.43s | ZCR: 0.0814 | Spectral Flatness: 0.0257 | RMS: 0.1179
2024-10-10 17:46:49,759 - INFO - train_sm2/Oneshots/Drums/Clap/- 75 Clap Brutal.wav | Classification: One-Shot | Transients: 1 | Duration: 0.43s | ZCR: 0.0984 | Spectral Flatness: 0.0063 | RMS: 0.0491
2024-10-10 17:46:49,986 - INFO - train_sm2/Oneshots/Drums/Cymbal/01.wav | Classification: One-Shot | Transients: 2 | Duration: 2.00s | ZCR: 0.0710 | Spectral Flatness: 0.3818 | RMS: 0.1377
2024-10-10 17:46:50,326 - INFO - train_sm2/Oneshots/Drums/Cymbal/- 96 Ride Patient.wav | Classification: One-Shot | Transients: 4 | Duration: 0.82s | ZCR: 0.3561 | Spectral Flatness: 0.0467 | RMS: 0.0475
2024-10-10 17:46:50,634 - INFO - train_sm2/Oneshots/Drums/Cymbal/00 - Bass Drum + Crash Cymbal.wav | Classification: One-Shot | Transients: 1 | Duration: 1.66s | ZCR: 0.1295 | Spectral Flatness: 0.0144 | RMS: 0.0632
2024-10-10 17:46:50,914 - INFO - train_sm2/Oneshots/Drums/Cymbal/03 C Crash.wav | Classification: One-Shot | Transients: 1 | Duration: 1.58s | ZCR: 0.3125 | Spectral Flatness: 0.0488 | RMS: 0.0462
2024-10-10 17:46:51,227 - INFO - train_sm2/Oneshots/Drums/Cymbal/01 CrashB.wav | Classification: One-Shot | Transients: 1 | Duration: 1.92s | ZCR: 0.2356 | Spectral Flatness: 0.0413 | RMS: 0.0442
2024-10-10 17:46:51,544 - INFO - train_sm2/Oneshots/Drums/Cymbal/- 97 Ride Shoot.wav | Classification: One-Shot | Transients: 1 | Duration: 0.65s | ZCR: 0.3383 | Spectral Flatness: 0.0128 | RMS: 0.0735
2024-10-10 17:46:51,815 - INFO - train_sm2/Oneshots/Drums/Cymbal/013Cymride.wav | Classification: Loop | Transients: 43 | Duration: 4.45s | ZCR: 0.1166 | Spectral Flatness: 0.0574 | RMS: 0.0073
2024-10-10 17:46:52,155 - INFO - train_sm2/Oneshots/Drums/Cymbal/029 TR909 Crash.wav | Classification: One-Shot | Transients: 1 | Duration: 1.20s | ZCR: 0.3273 | Spectral Flatness: 0.0771 | RMS: 0.0825
2024-10-10 17:46:52,455 - INFO - train_sm2/Oneshots/Drums/Cymbal/- 98 Ride Cid.wav | Classification: One-Shot | Transients: 1 | Duration: 0.43s | ZCR: 0.3143 | Spectral Flatness: 0.0203 | RMS: 0.0518
2024-10-10 17:46:52,719 - INFO - train_sm2/Oneshots/Drums/Cymbal/02 BriteCrs.wav | Classification: One-Shot | Transients: 1 | Duration: 1.90s | ZCR: 0.2411 | Spectral Flatness: 0.0384 | RMS: 0.0549
2024-10-10 17:46:53,033 - INFO - train_sm2/Oneshots/Sounds/Strings/Stab Strings Phased 2.wav | Classification: One-Shot | Transients: 1 | Duration: 1.06s | ZCR: 0.0194 | Spectral Flatness: 0.0000 | RMS: 0.1087
2024-10-10 17:46:53,272 - INFO - train_sm2/Oneshots/Sounds/Strings/Stab Strings Phased 1.wav | Classification: One-Shot | Transients: 1 | Duration: 1.06s | ZCR: 0.0245 | Spectral Flatness: 0.0000 | RMS: 0.1019
2024-10-10 17:46:53,510 - INFO - train_sm2/Oneshots/Sounds/Strings/Stab String Pizzicato F.wav | Classification: One-Shot | Transients: 1 | Duration: 1.11s | ZCR: 0.0135 | Spectral Flatness: 0.0000 | RMS: 0.0991
2024-10-10 17:46:53,750 - INFO - train_sm2/Oneshots/Sounds/Strings/Stab Strings Bendy.wav | Classification: Loop | Transients: 1 | Duration: 2.08s | ZCR: 0.1579 | Spectral Flatness: 0.0809 | RMS: 0.1130
2024-10-10 17:46:54,055 - INFO - train_sm2/Oneshots/Sounds/Strings/Orchestra Hit_A Major.wav | Classification: One-Shot | Transients: 1 | Duration: 1.98s | ZCR: 0.0288 | Spectral Flatness: 0.0052 | RMS: 0.0363
2024-10-10 17:46:54,316 - ERROR - Error processing train_sm2/Oneshots/Sounds/Strings/Orchestral Cym.wav: 
2024-10-10 17:46:54,321 - INFO - train_sm2/Oneshots/Sounds/Strings/Orchestra Hit_C# Major.wav | Classification: One-Shot | Transients: 1 | Duration: 0.54s | ZCR: 0.0787 | Spectral Flatness: 0.0292 | RMS: 0.1645
2024-10-10 17:46:54,557 - INFO - train_sm2/Oneshots/Sounds/Strings/Reverse Orchestra Hit_C# Major.wav | Classification: One-Shot | Transients: 1 | Duration: 0.53s | ZCR: 0.0773 | Spectral Flatness: 0.0298 | RMS: 0.1678
2024-10-10 17:46:54,849 - INFO - train_sm2/Oneshots/Sounds/Strings/Orchestral Cym_E Minor.wav | Classification: One-Shot | Transients: 1 | Duration: 1.33s | ZCR: 0.3310 | Spectral Flatness: 0.0931 | RMS: 0.1101
2024-10-10 17:46:55,242 - INFO - train_sm2/Oneshots/Sounds/Ambience & FX/01 AT Hypnosis FX - Panic 137.wav | Classification: Loop | Transients: 13 | Duration: 14.01s | ZCR: 0.2145 | Spectral Flatness: 0.0052 | RMS: 0.0379
2024-10-10 17:46:56,006 - INFO - train_sm2/Oneshots/Sounds/Ambience & FX/06 AT Hypnosis FX - Modular 137.wav | Classification: Loop | Transients: 4 | Duration: 7.01s | ZCR: 0.0801 | Spectral Flatness: 0.0022 | RMS: 0.0413
2024-10-10 17:46:56,491 - INFO - train_sm2/Oneshots/Sounds/Ambience & FX/02 AT Hypnosis Texture - Phase 137.wav | Classification: Loop | Transients: 7 | Duration: 7.01s | ZCR: 0.2546 | Spectral Flatness: 0.0524 | RMS: 0.0288
2024-10-10 17:46:57,292 - INFO - train_sm2/Oneshots/Sounds/Ambience & FX/06ch_Fx_HiHat.wav | Classification: One-Shot | Transients: 1 | Duration: 0.09s | ZCR: 0.2700 | Spectral Flatness: 0.1248 | RMS: 0.0649
2024-10-10 17:46:57,506 - INFO - train_sm2/Oneshots/Sounds/Ambience & FX/03 AT Hypnosis FX - Rider 137.wav | Classification: Loop | Transients: 14 | Duration: 7.01s | ZCR: 0.2049 | Spectral Flatness: 0.0206 | RMS: 0.0490
2024-10-10 17:46:58,057 - INFO - train_sm2/Oneshots/Sounds/Ambience & FX/01 AT Hypnosis Texture - Solid 137.wav | Classification: Loop | Transients: 14 | Duration: 7.01s | ZCR: 0.0051 | Spectral Flatness: 0.0001 | RMS: 0.1336
2024-10-10 17:46:59,277 - INFO - train_sm2/Oneshots/Sounds/Ambience & FX/05 AT Hypnosis FX - State 137.wav | Classification: Loop | Transients: 5 | Duration: 7.01s | ZCR: 0.0495 | Spectral Flatness: 0.0006 | RMS: 0.0497
2024-10-10 17:46:59,751 - INFO - train_sm2/Oneshots/Sounds/Ambience & FX/04 AT Hypnosis FX - Relab 137.wav | Classification: Loop | Transients: 1 | Duration: 7.01s | ZCR: 0.0183 | Spectral Flatness: 0.0024 | RMS: 0.0339
2024-10-10 17:47:00,251 - INFO - train_sm2/Oneshots/Sounds/Ambience & FX/02 AT Hypnosis FX - LFO 137.wav | Classification: Loop | Transients: 2 | Duration: 14.01s | ZCR: 0.0255 | Spectral Flatness: 0.0014 | RMS: 0.0322
2024-10-10 17:47:00,930 - INFO - train_sm2/Oneshots/Sounds/Woodwind/ASFV A#4_E Minor.wav | Classification: Loop | Transients: 1 | Duration: 2.25s | ZCR: 0.0442 | Spectral Flatness: 0.0001 | RMS: 0.3390
2024-10-10 17:47:01,507 - INFO - train_sm2/Oneshots/Sounds/Woodwind/118 - Clown Horn_A Major.wav | Classification: One-Shot | Transients: 1 | Duration: 0.30s | ZCR: 0.0699 | Spectral Flatness: 0.0114 | RMS: 0.2109
2024-10-10 17:47:01,726 - INFO - train_sm2/Oneshots/Sounds/Woodwind/30 F#2 - Horn_F# Major.wav | Classification: One-Shot | Transients: 2 | Duration: 1.24s | ZCR: 0.3760 | Spectral Flatness: 0.0197 | RMS: 0.0900
2024-10-10 17:47:01,996 - INFO - train_sm2/Oneshots/Sounds/Woodwind/ASFV A#4_E Minor_54BPM.wav | Classification: Loop | Transients: 1 | Duration: 2.25s | ZCR: 0.0423 | Spectral Flatness: 0.0000 | RMS: 0.3589
2024-10-10 17:47:02,665 - INFO - train_sm2/Oneshots/Sounds/Woodwind/ASFV A4_Eb Minor.wav | Classification: Loop | Transients: 1 | Duration: 2.61s | ZCR: 0.0398 | Spectral Flatness: 0.0000 | RMS: 0.3959
2024-10-10 17:47:03,328 - INFO - train_sm2/Oneshots/Sounds/Woodwind/ASFV A3_Eb Minor.wav | Classification: Loop | Transients: 2 | Duration: 4.21s | ZCR: 0.0193 | Spectral Flatness: 0.0000 | RMS: 0.2635
2024-10-10 17:47:04,156 - INFO - train_sm2/Oneshots/Sounds/Woodwind/ASFV A#5_C Major.wav | Classification: Loop | Transients: 1 | Duration: 3.00s | ZCR: 0.0425 | Spectral Flatness: 0.0000 | RMS: 0.4396
2024-10-10 17:47:04,939 - INFO - train_sm2/Oneshots/Sounds/Woodwind/ASFV A4_Eb Major.wav | Classification: Loop | Transients: 1 | Duration: 2.61s | ZCR: 0.0396 | Spectral Flatness: 0.0000 | RMS: 0.4154
2024-10-10 17:47:05,588 - INFO - train_sm2/Oneshots/Sounds/Woodwind/ASFV A#3_E Minor.wav | Classification: Loop | Transients: 1 | Duration: 2.24s | ZCR: 0.0222 | Spectral Flatness: 0.0001 | RMS: 0.3356
2024-10-10 17:47:06,140 - INFO - train_sm2/Oneshots/Sounds/Brass/Stab 20 C2_F Major.wav | Classification: One-Shot | Transients: 1 | Duration: 1.74s | ZCR: 0.0349 | Spectral Flatness: 0.0013 | RMS: 0.0487
2024-10-10 17:47:06,393 - INFO - train_sm2/Oneshots/Sounds/Brass/BRASS4_Bb Minor.WAV | Classification: One-Shot | Transients: 1 | Duration: 0.39s | ZCR: 0.0937 | Spectral Flatness: 0.0064 | RMS: 0.1248
2024-10-10 17:47:06,681 - INFO - train_sm2/Oneshots/Sounds/Brass/French Horn C2.wav | Classification: Loop | Transients: 1 | Duration: 3.96s | ZCR: 0.0178 | Spectral Flatness: 0.0000 | RMS: 0.2211
2024-10-10 17:47:07,165 - INFO - train_sm2/Oneshots/Sounds/Brass/BRASS1_Ab Minor.WAV | Classification: One-Shot | Transients: 1 | Duration: 0.40s | ZCR: 0.0863 | Spectral Flatness: 0.0066 | RMS: 0.1153
2024-10-10 17:47:07,383 - INFO - train_sm2/Oneshots/Sounds/Brass/BRASS2_F# Major.WAV | Classification: One-Shot | Transients: 2 | Duration: 0.48s | ZCR: 0.0878 | Spectral Flatness: 0.0060 | RMS: 0.1532
2024-10-10 17:47:07,618 - INFO - train_sm2/Oneshots/Sounds/Brass/BRASS3_E Minor.WAV | Classification: One-Shot | Transients: 3 | Duration: 0.51s | ZCR: 0.0992 | Spectral Flatness: 0.0065 | RMS: 0.1351
2024-10-10 17:47:07,853 - INFO - train_sm2/Oneshots/Sounds/Brass/SLID F4_Bb Minor.wav | Classification: One-Shot | Transients: 1 | Duration: 0.90s | ZCR: 0.0311 | Spectral Flatness: 0.0000 | RMS: 0.3536
2024-10-10 17:47:08,118 - INFO - train_sm2/Oneshots/Sounds/Brass/Stab Brass Band Prommer.wav | Classification: One-Shot | Transients: 1 | Duration: 0.70s | ZCR: 0.0246 | Spectral Flatness: 0.0004 | RMS: 0.1695
2024-10-10 17:47:08,378 - INFO - train_sm2/Oneshots/Sounds/Brass/Stab Brass Bell Gmin.wav | Classification: Loop | Transients: 1 | Duration: 6.00s | ZCR: 0.0482 | Spectral Flatness: 0.0000 | RMS: 0.0364
2024-10-10 17:47:08,845 - INFO - train_sm2/Oneshots/Sounds/Bass/- 52 Bass Joy_C Minor.wav | Classification: One-Shot | Transients: 4 | Duration: 0.33s | ZCR: 0.0029 | Spectral Flatness: 0.0001 | RMS: 0.2011
2024-10-10 17:47:09,041 - INFO - train_sm2/Oneshots/Sounds/Bass/- 50 Bass Wesley_G Minor.wav | Classification: One-Shot | Transients: 1 | Duration: 0.33s | ZCR: 0.0037 | Spectral Flatness: 0.0007 | RMS: 0.2855
2024-10-10 17:47:09,253 - INFO - train_sm2/Oneshots/Sounds/Bass/- 53 Bass Wizard_E Major.wav | Classification: One-Shot | Transients: 1 | Duration: 0.87s | ZCR: 0.0035 | Spectral Flatness: 0.0000 | RMS: 0.0997
2024-10-10 17:47:09,474 - INFO - train_sm2/Oneshots/Sounds/Bass/- 46 Bass Voltage_D Minor.wav | Classification: One-Shot | Transients: 2 | Duration: 0.43s | ZCR: 0.0021 | Spectral Flatness: 0.0000 | RMS: 0.5268
2024-10-10 17:47:09,684 - INFO - train_sm2/Oneshots/Sounds/Bass/- 49 Bass Wicked_Bb Major.wav | Classification: One-Shot | Transients: 1 | Duration: 0.33s | ZCR: 0.0024 | Spectral Flatness: 0.0001 | RMS: 0.2463
2024-10-10 17:47:09,893 - INFO - train_sm2/Oneshots/Sounds/Bass/- 51 Bass Amarula_G Major.wav | Classification: One-Shot | Transients: 2 | Duration: 0.87s | ZCR: 0.0063 | Spectral Flatness: 0.0000 | RMS: 0.1715
2024-10-10 17:47:10,119 - INFO - train_sm2/Oneshots/Sounds/Bass/- 56 Bass Octagon_C Minor.wav | Classification: One-Shot | Transients: 1 | Duration: 1.25s | ZCR: 0.0026 | Spectral Flatness: 0.0000 | RMS: 0.1854
2024-10-10 17:47:10,421 - INFO - train_sm2/Oneshots/Sounds/Bass/- 54 Bass Raw_D Minor.wav | Classification: One-Shot | Transients: 2 | Duration: 1.09s | ZCR: 0.0031 | Spectral Flatness: 0.0000 | RMS: 0.1378
2024-10-10 17:47:10,661 - INFO - train_sm2/Oneshots/Sounds/Bass/- 47 Bass Sub_F Minor.wav | Classification: One-Shot | Transients: 1 | Duration: 0.43s | ZCR: 0.0015 | Spectral Flatness: 0.0000 | RMS: 0.4024
2024-10-10 17:47:10,879 - INFO - train_sm2/Oneshots/Sounds/Bass/- 55 Bass Power_F# Minor.wav | Classification: One-Shot | Transients: 2 | Duration: 0.87s | ZCR: 0.0366 | Spectral Flatness: 0.0259 | RMS: 0.1461
2024-10-10 17:47:11,112 - INFO - train_sm2/Oneshots/Sounds/Pad/- 07 Chord Delicious.wav | Classification: One-Shot | Transients: 2 | Duration: 1.96s | ZCR: 0.0791 | Spectral Flatness: 0.0036 | RMS: 0.0165
2024-10-10 17:47:11,401 - INFO - train_sm2/Oneshots/Sounds/Pad/- 08 Chord Short.wav | Classification: One-Shot | Transients: 1 | Duration: 0.87s | ZCR: 0.0468 | Spectral Flatness: 0.0032 | RMS: 0.0375
2024-10-10 17:47:11,647 - INFO - train_sm2/Oneshots/Sounds/Pad/- 09 Chord Chances.wav | Classification: One-Shot | Transients: 1 | Duration: 1.74s | ZCR: 0.0950 | Spectral Flatness: 0.0027 | RMS: 0.0455
2024-10-10 17:47:11,951 - INFO - train_sm2/Oneshots/Sounds/Pad/- 02 Chord Prophecy.wav | Classification: Loop | Transients: 1 | Duration: 3.88s | ZCR: 0.0296 | Spectral Flatness: 0.0000 | RMS: 0.0403
2024-10-10 17:47:12,321 - INFO - train_sm2/Oneshots/Sounds/Pad/- 03 Chord Crash.wav | Classification: Loop | Transients: 2 | Duration: 4.97s | ZCR: 0.0488 | Spectral Flatness: 0.0008 | RMS: 0.0215
2024-10-10 17:47:12,837 - INFO - train_sm2/Oneshots/Sounds/Pad/- 05 Chord Tasty.wav | Classification: Loop | Transients: 6 | Duration: 18.05s | ZCR: 0.1615 | Spectral Flatness: 0.0348 | RMS: 0.0431
2024-10-10 17:47:13,765 - INFO - train_sm2/Oneshots/Sounds/Pad/- 06 Chord Border.wav | Classification: Loop | Transients: 2 | Duration: 7.16s | ZCR: 0.0662 | Spectral Flatness: 0.1596 | RMS: 0.0135
2024-10-10 17:47:14,202 - INFO - train_sm2/Oneshots/Sounds/Pad/- 10 Chord Mood.wav | Classification: One-Shot | Transients: 1 | Duration: 1.30s | ZCR: 0.0780 | Spectral Flatness: 0.0003 | RMS: 0.0457
2024-10-10 17:47:14,444 - INFO - train_sm2/Oneshots/Sounds/Pad/- 11 Chord Liberation.wav | Classification: One-Shot | Transients: 2 | Duration: 1.74s | ZCR: 0.1715 | Spectral Flatness: 0.1074 | RMS: 0.0328
2024-10-10 17:47:14,726 - INFO - train_sm2/Oneshots/Sounds/Pad/- 04 Chord Shape.wav | Classification: Loop | Transients: 1 | Duration: 3.56s | ZCR: 0.0795 | Spectral Flatness: 0.0014 | RMS: 0.0367
2024-10-10 17:47:15,076 - INFO - train_sm2/Oneshots/Sounds/Mallets/Bamboo Marimba A#2_Eb Minor.wav | Classification: One-Shot | Transients: 2 | Duration: 0.54s | ZCR: 0.0183 | Spectral Flatness: 0.0024 | RMS: 0.0542
2024-10-10 17:47:15,283 - ERROR - Error processing train_sm2/Oneshots/Sounds/Mallets/Bamboo Marimba D#3.wav: 
2024-10-10 17:47:15,287 - INFO - train_sm2/Oneshots/Sounds/Mallets/Bamboo Marimba D#3_Bb Minor.wav | Classification: One-Shot | Transients: 3 | Duration: 0.53s | ZCR: 0.0215 | Spectral Flatness: 0.0047 | RMS: 0.0500
2024-10-10 17:47:15,548 - ERROR - Error processing train_sm2/Oneshots/Sounds/Mallets/Bamboo Marimba A#2.wav: 
2024-10-10 17:47:15,572 - INFO - train_sm2/Oneshots/Sounds/Mallets/Bell Attack Pad C4.wav | Classification: Loop | Transients: 1 | Duration: 4.22s | ZCR: 0.0138 | Spectral Flatness: 0.0000 | RMS: 0.1591
2024-10-10 17:47:15,964 - INFO - train_sm2/Oneshots/Sounds/Mallets/Bell Attack Pad C5.wav | Classification: Loop | Transients: 4 | Duration: 4.20s | ZCR: 0.0292 | Spectral Flatness: 0.0000 | RMS: 0.1265
2024-10-10 17:47:16,329 - ERROR - Error processing train_sm2/Oneshots/Sounds/Mallets/Bamboo Marimba C4.wav: 
2024-10-10 17:47:16,353 - INFO - train_sm2/Oneshots/Sounds/Mallets/Bell Attack Pad C3.wav | Classification: Loop | Transients: 1 | Duration: 4.19s | ZCR: 0.0102 | Spectral Flatness: 0.0000 | RMS: 0.1675
2024-10-10 17:47:16,701 - INFO - train_sm2/Oneshots/Sounds/Mallets/Bamboo Marimba C4_Eb Minor.wav | Classification: One-Shot | Transients: 1 | Duration: 0.36s | ZCR: 0.0311 | Spectral Flatness: 0.0052 | RMS: 0.0851
2024-10-10 17:47:16,949 - INFO - train_sm2/Oneshots/Sounds/Mallets/BS WALIMBO_F# Minor.wav | Classification: Loop | Transients: 1 | Duration: 9.53s | ZCR: 0.0062 | Spectral Flatness: 0.0174 | RMS: 0.0535
2024-10-10 17:47:17,467 - INFO - train_sm2/Oneshots/Sounds/Lead/Breath_Eb Minor.wav | Classification: One-Shot | Transients: 1 | Duration: 0.81s | ZCR: 0.2258 | Spectral Flatness: 0.0841 | RMS: 0.1873
2024-10-10 17:47:17,755 - INFO - train_sm2/Oneshots/Sounds/Lead/Crash 1a_F Major.wav | Classification: Loop | Transients: 1 | Duration: 2.03s | ZCR: 0.1300 | Spectral Flatness: 0.0056 | RMS: 0.1760
2024-10-10 17:47:18,211 - INFO - train_sm2/Oneshots/Sounds/Lead/BFLP D4_Ab Minor.wav | Classification: One-Shot | Transients: 1 | Duration: 1.99s | ZCR: 0.0155 | Spectral Flatness: 0.0001 | RMS: 0.4371
2024-10-10 17:47:18,745 - INFO - train_sm2/Oneshots/Sounds/Lead/ASGP A#4_C Major_120BPM.wav | Classification: One-Shot | Transients: 1 | Duration: 1.99s | ZCR: 0.0350 | Spectral Flatness: 0.0077 | RMS: 0.0383
2024-10-10 17:47:19,038 - INFO - train_sm2/Oneshots/Sounds/Lead/30_C# Minor.wav | Classification: One-Shot | Transients: 1 | Duration: 0.73s | ZCR: 0.1210 | Spectral Flatness: 0.0203 | RMS: 0.0753
2024-10-10 17:47:19,274 - INFO - train_sm2/Oneshots/Sounds/Lead/106 - Small Trash Can_F# Minor.wav | Classification: One-Shot | Transients: 1 | Duration: 0.40s | ZCR: 0.0617 | Spectral Flatness: 0.0015 | RMS: 0.0951
2024-10-10 17:47:19,507 - INFO - train_sm2/Oneshots/Sounds/Lead/Domra A#3_E Minor.wav | Classification: One-Shot | Transients: 1 | Duration: 0.62s | ZCR: 0.0855 | Spectral Flatness: 0.0017 | RMS: 0.0559
2024-10-10 17:47:19,744 - INFO - train_sm2/Oneshots/Sounds/Lead/DS 135-BPM A3_C Minor.wav | Classification: One-Shot | Transients: 5 | Duration: 1.78s | ZCR: 0.0578 | Spectral Flatness: 0.0021 | RMS: 0.1674
2024-10-10 17:47:20,251 - INFO - train_sm2/Oneshots/Sounds/Lead/202per62_B Major.wav | Classification: One-Shot | Transients: 2 | Duration: 0.76s | ZCR: 0.0312 | Spectral Flatness: 0.0004 | RMS: 0.4792
2024-10-10 17:47:20,634 - INFO - train_sm2/Oneshots/Sounds/Voice/069-VoxKik3_C Minor.wav | Classification: Loop | Transients: 1 | Duration: 2.14s | ZCR: 0.0814 | Spectral Flatness: 0.0244 | RMS: 0.0867
2024-10-10 17:47:20,939 - INFO - train_sm2/Oneshots/Sounds/Voice/068-VoxKik2_F Major.wav | Classification: One-Shot | Transients: 1 | Duration: 1.38s | ZCR: 0.0136 | Spectral Flatness: 0.0073 | RMS: 0.0490
2024-10-10 17:47:21,180 - INFO - train_sm2/Oneshots/Sounds/Voice/21 Xylophon_C Minor.wav | Classification: One-Shot | Transients: 2 | Duration: 1.35s | ZCR: 0.0398 | Spectral Flatness: 0.0098 | RMS: 0.0127
2024-10-10 17:47:21,502 - INFO - train_sm2/Oneshots/Sounds/Voice/12-TONEREV-L_F# Major.wav | Classification: Loop | Transients: 4 | Duration: 16.95s | ZCR: 0.0423 | Spectral Flatness: 0.0003 | RMS: 0.1365
2024-10-10 17:47:22,611 - INFO - train_sm2/Oneshots/Sounds/Voice/20 vibe 541_C# Minor.wav | Classification: Loop | Transients: 3 | Duration: 3.72s | ZCR: 0.0314 | Spectral Flatness: 0.0050 | RMS: 0.0602
2024-10-10 17:47:23,017 - INFO - train_sm2/Oneshots/Sounds/Voice/12-TONEREV-R_F# Major.wav | Classification: Loop | Transients: 196 | Duration: 16.95s | ZCR: 0.0451 | Spectral Flatness: 0.0006 | RMS: 0.1318
2024-10-10 17:47:24,060 - INFO - train_sm2/Oneshots/Sounds/Voice/23 SStrngB4_F Major.wav | Classification: Loop | Transients: 46 | Duration: 10.00s | ZCR: 0.0636 | Spectral Flatness: 0.0025 | RMS: 0.2843
2024-10-10 17:47:25,899 - INFO - train_sm2/Oneshots/Sounds/Voice/22 SStrngA4_D Major.wav | Classification: Loop | Transients: 15 | Duration: 10.00s | ZCR: 0.0331 | Spectral Flatness: 0.0002 | RMS: 0.3563
2024-10-10 17:47:27,594 - INFO - train_sm2/Oneshots/Sounds/Voice/070-VoxKik4_C Minor.wav | Classification: Loop | Transients: 1 | Duration: 2.04s | ZCR: 0.0197 | Spectral Flatness: 0.0132 | RMS: 0.0344
2024-10-10 17:47:27,839 - INFO - train_sm2/Oneshots/Sounds/Voice/067-VoxKik1_C Major.wav | Classification: One-Shot | Transients: 1 | Duration: 1.77s | ZCR: 0.0202 | Spectral Flatness: 0.0105 | RMS: 0.0414
2024-10-10 17:47:28,161 - INFO - train_sm2/Oneshots/Sounds/Guitar & Plucked/021_ped_h.wav | Classification: Loop | Transients: 1 | Duration: 12.55s | ZCR: 0.0084 | Spectral Flatness: 0.0000 | RMS: 0.0627
2024-10-10 17:47:28,850 - INFO - train_sm2/Oneshots/Sounds/Guitar & Plucked/026_D0KM56_H.wav | Classification: Loop | Transients: 1 | Duration: 13.08s | ZCR: 0.0093 | Spectral Flatness: 0.0000 | RMS: 0.0521
2024-10-10 17:47:29,538 - INFO - train_sm2/Oneshots/Sounds/Guitar & Plucked/021_ped_mf.wav | Classification: Loop | Transients: 1 | Duration: 12.14s | ZCR: 0.0081 | Spectral Flatness: 0.0000 | RMS: 0.0794
2024-10-10 17:47:30,216 - INFO - train_sm2/Oneshots/Sounds/Guitar & Plucked/025_C#0KM56_H.wav | Classification: Loop | Transients: 1 | Duration: 10.84s | ZCR: 0.0073 | Spectral Flatness: 0.0000 | RMS: 0.0673
2024-10-10 17:47:30,883 - INFO - train_sm2/Oneshots/Sounds/Guitar & Plucked/025_C#0KM56_M.wav | Classification: Loop | Transients: 1 | Duration: 9.84s | ZCR: 0.0080 | Spectral Flatness: 0.0000 | RMS: 0.0789
2024-10-10 17:47:31,462 - INFO - train_sm2/Oneshots/Sounds/Guitar & Plucked/025_ped_h.wav | Classification: Loop | Transients: 1 | Duration: 11.69s | ZCR: 0.0076 | Spectral Flatness: 0.0000 | RMS: 0.0677
2024-10-10 17:47:32,083 - INFO - train_sm2/Oneshots/Sounds/Guitar & Plucked/025_ped_mf.wav | Classification: Loop | Transients: 1 | Duration: 11.46s | ZCR: 0.0082 | Spectral Flatness: 0.0000 | RMS: 0.0766
2024-10-10 17:47:32,695 - INFO - train_sm2/Oneshots/Sounds/Guitar & Plucked/021_A-1KM56_M.wav | Classification: Loop | Transients: 1 | Duration: 11.81s | ZCR: 0.0076 | Spectral Flatness: 0.0000 | RMS: 0.0752
2024-10-10 17:47:33,340 - INFO - train_sm2/Oneshots/Sounds/Guitar & Plucked/021_A-1KM56_H.wav | Classification: Loop | Transients: 1 | Duration: 12.66s | ZCR: 0.0087 | Spectral Flatness: 0.0000 | RMS: 0.0529
2024-10-10 17:47:33,997 - INFO - train_sm2/Oneshots/Sounds/Piano & Keys/01 ElPiano PT2.wav | Classification: Loop | Transients: 4 | Duration: 8.35s | ZCR: 0.0302 | Spectral Flatness: 0.0000 | RMS: 0.1823
2024-10-10 17:47:34,583 - INFO - train_sm2/Oneshots/Sounds/Piano & Keys/03 Piano PT1.wav | Classification: Loop | Transients: 27 | Duration: 8.73s | ZCR: 0.0368 | Spectral Flatness: 0.0001 | RMS: 0.1989
2024-10-10 17:47:36,080 - INFO - train_sm2/Oneshots/Sounds/Piano & Keys/03 Piano PT2.wav | Classification: Loop | Transients: 29 | Duration: 8.73s | ZCR: 0.0360 | Spectral Flatness: 0.0001 | RMS: 0.2052
2024-10-10 17:47:37,619 - INFO - train_sm2/Oneshots/Sounds/Piano & Keys/04 ElPiano PT1.wav | Classification: Loop | Transients: 4 | Duration: 8.21s | ZCR: 0.0230 | Spectral Flatness: 0.0000 | RMS: 0.1172
2024-10-10 17:47:38,128 - INFO - train_sm2/Oneshots/Sounds/Piano & Keys/03 ElPiano PT4.wav | Classification: Loop | Transients: 4 | Duration: 8.73s | ZCR: 0.0264 | Spectral Flatness: 0.0000 | RMS: 0.1265
2024-10-10 17:47:39,186 - INFO - train_sm2/Oneshots/Sounds/Piano & Keys/03 Piano PT3.wav | Classification: Loop | Transients: 28 | Duration: 8.73s | ZCR: 0.0367 | Spectral Flatness: 0.0000 | RMS: 0.1888
2024-10-10 17:47:40,665 - INFO - train_sm2/Oneshots/Sounds/Piano & Keys/03 ElPiano PT1.wav | Classification: Loop | Transients: 3 | Duration: 8.73s | ZCR: 0.0265 | Spectral Flatness: 0.0000 | RMS: 0.1018
2024-10-10 17:47:41,194 - INFO - train_sm2/Oneshots/Sounds/Piano & Keys/03 Piano PT4.wav | Classification: Loop | Transients: 24 | Duration: 8.73s | ZCR: 0.0368 | Spectral Flatness: 0.0001 | RMS: 0.2112
2024-10-10 17:47:42,660 - INFO - train_sm2/Oneshots/Sounds/Piano & Keys/03 ElPiano PT3.wav | Classification: Loop | Transients: 3 | Duration: 8.73s | ZCR: 0.0252 | Spectral Flatness: 0.0000 | RMS: 0.0902
2024-10-10 17:47:43,200 - INFO - train_sm2/Oneshots/Sounds/Piano & Keys/03 ElPiano PT2.wav | Classification: Loop | Transients: 3 | Duration: 8.73s | ZCR: 0.0257 | Spectral Flatness: 0.0000 | RMS: 0.1126
2024-10-10 17:47:43,778 - INFO - train_sm2/Loops/Drums/Percussion Loops/91 SMPERCL001.wav | Classification: One-Shot | Transients: 6 | Duration: 1.76s | ZCR: 0.0218 | Spectral Flatness: 0.0033 | RMS: 0.0441
2024-10-10 17:47:44,066 - INFO - train_sm2/Loops/Drums/Percussion Loops/85 SM_PERCL004.wav | Classification: One-Shot | Transients: 4 | Duration: 1.79s | ZCR: 0.0855 | Spectral Flatness: 0.0342 | RMS: 0.0605
2024-10-10 17:47:44,364 - INFO - train_sm2/Loops/Drums/Percussion Loops/Almost Reverse Topper.wav | Classification: Loop | Transients: 3 | Duration: 3.81s | ZCR: 0.3422 | Spectral Flatness: 0.1096 | RMS: 0.0406
2024-10-10 17:47:44,839 - INFO - train_sm2/Loops/Drums/Percussion Loops/13 AT Hypnosis Percussion - Filtered 137.wav | Classification: Loop | Transients: 2 | Duration: 7.01s | ZCR: 0.0232 | Spectral Flatness: 0.0003 | RMS: 0.0666
2024-10-10 17:47:45,307 - INFO - train_sm2/Loops/Drums/Percussion Loops/African King Tsonshi 01.wav | Classification: Loop | Transients: 2 | Duration: 4.41s | ZCR: 0.0131 | Spectral Flatness: 0.0082 | RMS: 0.0619
2024-10-10 17:47:45,806 - INFO - train_sm2/Loops/Drums/Percussion Loops/14 AT Hypnosis Percussion - Roland 137.wav | Classification: Loop | Transients: 5 | Duration: 7.01s | ZCR: 0.0089 | Spectral Flatness: 0.0002 | RMS: 0.0773
2024-10-10 17:47:46,278 - INFO - train_sm2/Loops/Drums/Percussion Loops/African Talking Drum 05.wav | Classification: Loop | Transients: 17 | Duration: 6.06s | ZCR: 0.0089 | Spectral Flatness: 0.0062 | RMS: 0.0575
2024-10-10 17:47:46,974 - INFO - train_sm2/Loops/Drums/Percussion Loops/26 AT Hypnosis Percussion - Noise 137.wav | Classification: Loop | Transients: 4 | Duration: 7.01s | ZCR: 0.0548 | Spectral Flatness: 0.0070 | RMS: 0.0410
2024-10-10 17:47:47,445 - INFO - train_sm2/Loops/Drums/Percussion Loops/01W_Percussion(60).wav | Classification: Loop | Transients: 8 | Duration: 3.78s | ZCR: 0.2251 | Spectral Flatness: 0.0049 | RMS: 0.0510
2024-10-10 17:47:47,841 - INFO - train_sm2/Loops/Drums/Full Drum Loops/003SNARE1_120BPM.wav | Classification: Loop | Transients: 1 | Duration: 4.15s | ZCR: 0.1242 | Spectral Flatness: 0.0782 | RMS: 0.0046
2024-10-10 17:47:48,207 - INFO - train_sm2/Loops/Drums/Full Drum Loops/003 AT Hypnosis Drum - Tube 137 Kick_136BPM.wav | Classification: Loop | Transients: 11 | Duration: 7.01s | ZCR: 0.0086 | Spectral Flatness: 0.0001 | RMS: 0.1915
2024-10-10 17:47:49,408 - INFO - train_sm2/Loops/Drums/Full Drum Loops/001 AT Hypnosis Drum - Tube 137 Full_136BPM.wav | Classification: Loop | Transients: 25 | Duration: 7.01s | ZCR: 0.1434 | Spectral Flatness: 0.0206 | RMS: 0.2133
2024-10-10 17:47:50,676 - INFO - train_sm2/Loops/Drums/Full Drum Loops/006 AT Hypnosis Drum - Tube 137 Strp_136BPM.wav | Classification: Loop | Transients: 21 | Duration: 7.01s | ZCR: 0.1466 | Spectral Flatness: 0.0183 | RMS: 0.2037
2024-10-10 17:47:51,891 - INFO - train_sm2/Loops/Drums/Full Drum Loops/002 AT Hypnosis Drum - Tube 137 Hat_136BPM.wav | Classification: Loop | Transients: 12 | Duration: 7.01s | ZCR: 0.2847 | Spectral Flatness: 0.0125 | RMS: 0.0324
2024-10-10 17:47:53,077 - INFO - train_sm2/Loops/Drums/Full Drum Loops/005_120BPM.wav | Classification: Loop | Transients: 1 | Duration: 4.11s | ZCR: 0.2024 | Spectral Flatness: 0.2142 | RMS: 0.0131
2024-10-10 17:47:53,473 - INFO - train_sm2/Loops/Drums/Full Drum Loops/005 AT Hypnosis Drum - Tube 137 Perc_136BPM.wav | Classification: Loop | Transients: 12 | Duration: 7.01s | ZCR: 0.2882 | Spectral Flatness: 0.0150 | RMS: 0.0673
2024-10-10 17:47:54,732 - INFO - train_sm2/Loops/Drums/Full Drum Loops/004 AT Hypnosis Drum - Tube 137 No Kick_136BPM.wav | Classification: Loop | Transients: 20 | Duration: 7.01s | ZCR: 0.3241 | Spectral Flatness: 0.0735 | RMS: 0.0807
2024-10-10 17:47:55,979 - INFO - train_sm2/Loops/Drums/Full Drum Loops/002_120BPM.wav | Classification: Loop | Transients: 1 | Duration: 4.09s | ZCR: 0.1713 | Spectral Flatness: 0.2092 | RMS: 0.0157
2024-10-10 17:47:56,322 - INFO - train_sm2/Loops/Drums/Hihat Loops/- 32 SM_HHLOOP006.wav | Classification: Loop | Transients: 16 | Duration: 6.96s | ZCR: 0.2707 | Spectral Flatness: 0.0504 | RMS: 0.0343
2024-10-10 17:47:57,125 - INFO - train_sm2/Loops/Drums/Hihat Loops/- 34 SM_HHLOOP008_140BPM.wav | Classification: Loop | Transients: 15 | Duration: 6.96s | ZCR: 0.2867 | Spectral Flatness: 0.0510 | RMS: 0.0392
2024-10-10 17:47:58,328 - INFO - train_sm2/Loops/Drums/Hihat Loops/- 35 SM_HHLOOP009_140BPM.wav | Classification: One-Shot | Transients: 3 | Duration: 1.73s | ZCR: 0.1617 | Spectral Flatness: 0.0138 | RMS: 0.0447
2024-10-10 17:47:58,708 - INFO - train_sm2/Loops/Drums/Hihat Loops/- 32 SM_HHLOOP006_140BPM.wav | Classification: Loop | Transients: 16 | Duration: 6.96s | ZCR: 0.2707 | Spectral Flatness: 0.0495 | RMS: 0.0343
2024-10-10 17:47:59,596 - INFO - train_sm2/Loops/Drums/Hihat Loops/- 34 SM_HHLOOP008.wav | Classification: Loop | Transients: 15 | Duration: 6.96s | ZCR: 0.2867 | Spectral Flatness: 0.0518 | RMS: 0.0392
2024-10-10 17:48:00,811 - INFO - train_sm2/Loops/Drums/Hihat Loops/- 33 SM_HHLOOP007.wav | Classification: Loop | Transients: 1 | Duration: 7.11s | ZCR: 0.2518 | Spectral Flatness: 0.0273 | RMS: 0.0422
2024-10-10 17:48:02,056 - INFO - train_sm2/Loops/Drums/Hihat Loops/- 27 SM_HHLOOP001.wav | Classification: One-Shot | Transients: 4 | Duration: 1.73s | ZCR: 0.3359 | Spectral Flatness: 0.1174 | RMS: 0.0572
2024-10-10 17:48:02,410 - INFO - train_sm2/Loops/Drums/Hihat Loops/- 31 SM_HHLOOP005_140BPM.wav | Classification: One-Shot | Transients: 5 | Duration: 1.74s | ZCR: 0.2147 | Spectral Flatness: 0.0472 | RMS: 0.0638
2024-10-10 17:48:02,767 - INFO - train_sm2/Loops/Drums/Hihat Loops/- 27 SM_HHLOOP001_140BPM.wav | Classification: One-Shot | Transients: 4 | Duration: 1.73s | ZCR: 0.3359 | Spectral Flatness: 0.1174 | RMS: 0.0572
2024-10-10 17:48:03,161 - INFO - train_sm2/Loops/Drums/Hihat Loops/- 33 SM_HHLOOP007_136BPM.wav | Classification: Loop | Transients: 1 | Duration: 7.11s | ZCR: 0.2518 | Spectral Flatness: 0.0272 | RMS: 0.0422
2024-10-10 17:48:04,438 - INFO - train_sm2/Loops/Sounds/Voice Loops/AH -+ A#4 -R_167BPM.wav | Classification: Loop | Transients: 52 | Duration: 11.18s | ZCR: 0.0351 | Spectral Flatness: 0.0217 | RMS: 0.0961
2024-10-10 17:48:05,139 - INFO - train_sm2/Loops/Sounds/Voice Loops/AGNUSDEI01-R_140BPM.wav | Classification: Loop | Transients: 1 | Duration: 6.84s | ZCR: 0.0254 | Spectral Flatness: 0.0004 | RMS: 0.2197
2024-10-10 17:48:05,897 - INFO - train_sm2/Loops/Sounds/Voice Loops/AH -+ E5  -L_172BPM.wav | Classification: Loop | Transients: 10 | Duration: 11.68s | ZCR: 0.0421 | Spectral Flatness: 0.0252 | RMS: 0.1014
2024-10-10 17:48:06,593 - INFO - train_sm2/Loops/Sounds/Voice Loops/ALLELU G4 -R_105BPM.wav | Classification: Loop | Transients: 1 | Duration: 8.96s | ZCR: 0.1005 | Spectral Flatness: 0.0293 | RMS: 0.1151
2024-10-10 17:48:07,157 - INFO - train_sm2/Loops/Sounds/Voice Loops/ALLELU A3 -L_123BPM.wav | Classification: Loop | Transients: 15 | Duration: 7.63s | ZCR: 0.0551 | Spectral Flatness: 0.0104 | RMS: 0.1317
2024-10-10 17:48:07,676 - INFO - train_sm2/Loops/Sounds/Voice Loops/AGNUSDEI09-R_129BPM.wav | Classification: Loop | Transients: 17 | Duration: 7.14s | ZCR: 0.0376 | Spectral Flatness: 0.0001 | RMS: 0.2111
2024-10-10 17:48:08,512 - INFO - train_sm2/Loops/Sounds/Voice Loops/AH -+ C5  -R_167BPM.wav | Classification: Loop | Transients: 44 | Duration: 11.79s | ZCR: 0.0405 | Spectral Flatness: 0.0030 | RMS: 0.0921
2024-10-10 17:48:09,217 - INFO - train_sm2/Loops/Sounds/Voice Loops/AH -+ F#2 -L_161BPM.wav | Classification: Loop | Transients: 1 | Duration: 11.82s | ZCR: 0.0114 | Spectral Flatness: 0.0002 | RMS: 0.1384
2024-10-10 17:48:09,958 - INFO - train_sm2/Loops/Sounds/Voice Loops/ALLELUBOY2-R_112BPM.wav | Classification: Loop | Transients: 2 | Duration: 8.92s | ZCR: 0.0314 | Spectral Flatness: 0.0717 | RMS: 0.1481
2024-10-10 17:48:10,577 - INFO - train_sm2/Loops/Sounds/Chord Loops/04 AT Hypnosis Pad - Arrival 137 D#m_86BPM.wav | Classification: Loop | Transients: 2 | Duration: 14.01s | ZCR: 0.0357 | Spectral Flatness: 0.0022 | RMS: 0.1027
2024-10-10 17:48:11,349 - INFO - train_sm2/Loops/Sounds/Chord Loops/03 AT Hypnosis Pad - Attack 137 A#_92BPM.wav | Classification: Loop | Transients: 1 | Duration: 7.01s | ZCR: 0.0174 | Spectral Flatness: 0.0000 | RMS: 0.0730
2024-10-10 17:48:11,838 - INFO - train_sm2/Loops/Sounds/Chord Loops/01 AT Hypnosis Pad - Layers 137 Cm_110BPM.wav | Classification: Loop | Transients: 13 | Duration: 14.01s | ZCR: 0.0280 | Spectral Flatness: 0.0001 | RMS: 0.0738
2024-10-10 17:48:13,979 - INFO - train_sm2/Loops/Sounds/Chord Loops/03 AT Hypnosis Chord - Deeper 137 Cm.wav | Classification: Loop | Transients: 7 | Duration: 7.01s | ZCR: 0.0120 | Spectral Flatness: 0.0000 | RMS: 0.1319
2024-10-10 17:48:14,692 - INFO - train_sm2/Loops/Sounds/Chord Loops/- 37 Pad Riser_199BPM.wav | Classification: Loop | Transients: 9 | Duration: 9.57s | ZCR: 0.0558 | Spectral Flatness: 0.0017 | RMS: 0.0981
2024-10-10 17:48:15,293 - INFO - train_sm2/Loops/Sounds/Chord Loops/01 Chord Synth PT3_117BPM.wav | Classification: Loop | Transients: 3 | Duration: 8.35s | ZCR: 0.0380 | Spectral Flatness: 0.0000 | RMS: 0.0882
2024-10-10 17:48:15,933 - INFO - train_sm2/Loops/Sounds/Chord Loops/02 AT Hypnosis Pad - Oberheim 137 Cm_225BPM.wav | Classification: Loop | Transients: 2 | Duration: 14.01s | ZCR: 0.0259 | Spectral Flatness: 0.0000 | RMS: 0.1023
2024-10-10 17:48:16,731 - INFO - train_sm2/Loops/Sounds/Chord Loops/05 AT Hypnosis Pad - Deeper 137 Em_96BPM.wav | Classification: Loop | Transients: 2 | Duration: 7.01s | ZCR: 0.0170 | Spectral Flatness: 0.0001 | RMS: 0.1957
2024-10-10 17:48:17,347 - INFO - train_sm2/Loops/Sounds/Chord Loops/- 35 Pad Become_110BPM.wav | Classification: Loop | Transients: 77 | Duration: 8.70s | ZCR: 0.1330 | Spectral Flatness: 0.0059 | RMS: 0.1534
2024-10-10 17:48:18,053 - INFO - train_sm2/Loops/Sounds/Bass Loops/01 AT Hypnosis Bass - Hydra 137 D#_136BPM.wav | Classification: Loop | Transients: 13 | Duration: 14.01s | ZCR: 0.0041 | Spectral Flatness: 0.0002 | RMS: 0.1818
2024-10-10 17:48:19,657 - INFO - train_sm2/Loops/Sounds/Bass Loops/03 Bass PT3_110BPM.wav | Classification: Loop | Transients: 8 | Duration: 8.73s | ZCR: 0.0054 | Spectral Flatness: 0.0001 | RMS: 0.1511
2024-10-10 17:48:21,061 - INFO - train_sm2/Loops/Sounds/Bass Loops/02 AT Hypnosis Bass - Kicker 137 D.wav | Classification: Loop | Transients: 13 | Duration: 7.01s | ZCR: 0.0038 | Spectral Flatness: 0.0003 | RMS: 0.1655
2024-10-10 17:48:22,226 - INFO - train_sm2/Loops/Sounds/Bass Loops/03 AT Hypnosis Bass - Hyper 137 C_272BPM.wav | Classification: Loop | Transients: 5 | Duration: 14.01s | ZCR: 0.0052 | Spectral Flatness: 0.0001 | RMS: 0.1191
2024-10-10 17:48:23,741 - INFO - train_sm2/Loops/Sounds/Bass Loops/03 Bass PT1_110BPM.wav | Classification: Loop | Transients: 7 | Duration: 8.73s | ZCR: 0.0051 | Spectral Flatness: 0.0001 | RMS: 0.1375
2024-10-10 17:48:25,174 - INFO - train_sm2/Loops/Sounds/Bass Loops/03 Bass Loop A_126BPM.wav | Classification: Loop | Transients: 1 | Duration: 7.68s | ZCR: 0.0101 | Spectral Flatness: 0.0000 | RMS: 0.1861
2024-10-10 17:48:26,466 - INFO - train_sm2/Loops/Sounds/Bass Loops/03 Bass PT2_110BPM.wav | Classification: Loop | Transients: 9 | Duration: 8.73s | ZCR: 0.0049 | Spectral Flatness: 0.0001 | RMS: 0.1400
2024-10-10 17:48:27,856 - INFO - train_sm2/Loops/Sounds/Bass Loops/01 Bass PT4_58BPM.wav | Classification: Loop | Transients: 8 | Duration: 8.35s | ZCR: 0.0082 | Spectral Flatness: 0.0002 | RMS: 0.0939
2024-10-10 17:48:29,179 - INFO - train_sm2/Loops/Sounds/Bass Loops/02 Bass Loop A_258BPM.wav | Classification: Loop | Transients: 1 | Duration: 3.84s | ZCR: 0.2826 | Spectral Flatness: 0.3372 | RMS: 0.0746
2024-10-10 17:48:29,620 - INFO - train_sm2/Loops/Sounds/Bass Loops/01 Bass Loop A_72BPM.wav | Classification: Loop | Transients: 3 | Duration: 3.84s | ZCR: 0.0932 | Spectral Flatness: 0.1006 | RMS: 0.1034
2024-10-10 17:48:29,988 - INFO - train_sm2/Loops/Sounds/Synth Loops/03 Solo Synth PT2_110BPM.wav | Classification: Loop | Transients: 19 | Duration: 8.73s | ZCR: 0.0446 | Spectral Flatness: 0.0007 | RMS: 0.0985
2024-10-10 17:48:31,563 - INFO - train_sm2/Loops/Sounds/Synth Loops/01 AT Hypnosis Synth - Opal 137 A#_136BPM.wav | Classification: Loop | Transients: 19 | Duration: 28.03s | ZCR: 0.0241 | Spectral Flatness: 0.0005 | RMS: 0.0693
2024-10-10 17:48:35,649 - INFO - train_sm2/Loops/Sounds/Synth Loops/02 AT Hypnosis Synth - Modular 137 A_110BPM.wav | Classification: Loop | Transients: 28 | Duration: 28.03s | ZCR: 0.0433 | Spectral Flatness: 0.0088 | RMS: 0.0884
2024-10-10 17:48:39,565 - INFO - train_sm2/Loops/Sounds/Synth Loops/06 AT Hypnosis Synth - Drop 137 C#_185BPM.wav | Classification: Loop | Transients: 4 | Duration: 14.01s | ZCR: 0.0574 | Spectral Flatness: 0.0015 | RMS: 0.0181
2024-10-10 17:48:40,701 - INFO - train_sm2/Loops/Sounds/Synth Loops/03 Solo Synth PT3_110BPM.wav | Classification: Loop | Transients: 18 | Duration: 8.73s | ZCR: 0.0413 | Spectral Flatness: 0.0007 | RMS: 0.1082
2024-10-10 17:48:42,233 - INFO - train_sm2/Loops/Sounds/Synth Loops/03 AT Hypnosis Synth - Detriment 137 F#_136BPM.wav | Classification: Loop | Transients: 15 | Duration: 28.03s | ZCR: 0.0332 | Spectral Flatness: 0.0021 | RMS: 0.1218
2024-10-10 17:48:46,091 - INFO - train_sm2/Loops/Sounds/Synth Loops/04 AT Hypnosis Synth - Alarm 137 A#_185BPM.wav | Classification: Loop | Transients: 4 | Duration: 7.01s | ZCR: 0.0518 | Spectral Flatness: 0.0005 | RMS: 0.0364
2024-10-10 17:48:46,547 - INFO - train_sm2/Loops/Sounds/Synth Loops/03 Solo Synth PT1_110BPM.wav | Classification: Loop | Transients: 9 | Duration: 4.36s | ZCR: 0.0456 | Spectral Flatness: 0.0007 | RMS: 0.1038
2024-10-10 17:48:47,326 - INFO - train_sm2/Loops/Sounds/Synth Loops/05 AT Hypnosis Synth - Quantex 137 C_136BPM.wav | Classification: Loop | Transients: 21 | Duration: 14.01s | ZCR: 0.0368 | Spectral Flatness: 0.0001 | RMS: 0.2184
2024-10-10 17:48:49,522 - INFO - ========== Summary ==========
2024-10-10 17:48:49,522 - INFO - Total Files Processed: 248
2024-10-10 17:48:49,522 - INFO - Total Loops: 119
2024-10-10 17:48:49,522 - INFO - Total One-Shots: 125
2024-10-10 17:48:49,522 - INFO - Total Errors: 4
2024-10-10 17:48:49,522 - INFO - Audio classification completed.
